TN:
SF:src/AlloraConsumer.sol
FN:106,AlloraConsumer.verifyNetworkInferenceViewOnly
FN:125,AlloraConsumer.verifyNetworkInference
FN:160,AlloraConsumer._verifyNetworkInferenceData
FN:210,AlloraConsumer.getNetworkInferenceMessage
FN:225,AlloraConsumer.getTopicValue
FN:238,AlloraConsumer.turnOffConsumer
FN:247,AlloraConsumer.turnOnConsumer
FN:258,AlloraConsumer.updateFutureDataValiditySeconds
FN:275,AlloraConsumer.updatePastDataValiditySeconds
FN:292,AlloraConsumer.updateAggregator
FN:307,AlloraConsumer.addDataProvider
FN:318,AlloraConsumer.removeDataProvider
FN:333,AlloraConsumer._isOwnerOrValidDataProvider
FN:347,AlloraConsumer._toUint192
FN:364,AlloraConsumer._toUint64
FNDA:7,AlloraConsumer._toUint64
FNDA:4,AlloraConsumer.updatePastDataValiditySeconds
FNDA:10,AlloraConsumer.getTopicValue
FNDA:4,AlloraConsumer.turnOffConsumer
FNDA:3,AlloraConsumer.updateAggregator
FNDA:1,AlloraConsumer.verifyNetworkInferenceViewOnly
FNDA:12,AlloraConsumer._verifyNetworkInferenceData
FNDA:9,AlloraConsumer._isOwnerOrValidDataProvider
FNDA:2,AlloraConsumer.removeDataProvider
FNDA:2,AlloraConsumer.turnOnConsumer
FNDA:14,AlloraConsumer.addDataProvider
FNDA:11,AlloraConsumer.getNetworkInferenceMessage
FNDA:7,AlloraConsumer._toUint192
FNDA:11,AlloraConsumer.verifyNetworkInference
FNDA:4,AlloraConsumer.updateFutureDataValiditySeconds
FNF:15
FNH:15
DA:114,1
DA:133,11
DA:142,7
DA:150,7
DA:168,12
DA:169,1
DA:172,11
DA:175,11
DA:176,10
DA:178,2
DA:181,9
DA:183,0
DA:186,9
DA:195,9
DA:196,1
DA:199,8
DA:200,8
DA:201,8
DA:213,20
DA:229,10
DA:239,3
DA:241,3
DA:248,1
DA:250,1
DA:261,3
DA:262,0
DA:265,3
DA:267,3
DA:278,3
DA:279,0
DA:282,3
DA:284,3
DA:293,2
DA:294,1
DA:297,1
DA:299,1
DA:308,13
DA:310,13
DA:319,1
DA:321,1
DA:334,9
DA:348,7
DA:349,0
DA:351,7
DA:365,7
DA:366,0
DA:368,7
LF:47
LH:42
end_of_record
TN:
SF:src/aggregator/AverageAggregator.sol
FN:23,AverageAggregator.aggregate
FNDA:258,AverageAggregator.aggregate
FNF:1
FNH:1
DA:27,258
DA:28,258
DA:29,1
DA:32,257
DA:33,257
DA:34,771
DA:37,771
DA:41,257
LF:8
LH:8
end_of_record
TN:
SF:src/aggregator/MedianAggregator.sol
FN:24,MedianAggregator.aggregate
FNDA:10,MedianAggregator.aggregate
FNF:1
FNH:1
DA:28,10
DA:30,10
DA:31,1
DA:34,9
DA:35,9
DA:36,9
DA:38,21
DA:40,13
DA:41,13
DA:42,13
DA:43,45
DA:44,45
DA:45,45
DA:48,45
DA:52,13
DA:55,12
DA:56,12
DA:57,12
DA:58,12
DA:59,12
DA:60,52
DA:61,52
DA:62,40
DA:63,28
DA:66,52
DA:69,12
DA:70,12
DA:74,8
LF:28
LH:28
end_of_record
TN:
SF:src/feeHandler/EvenFeeHandler.sol
FN:43,EvenFeeHandler.handleFees
FN:80,EvenFeeHandler.claimFees
FN:99,EvenFeeHandler._safeTransferETH
FN:115,EvenFeeHandler.updateFeedOwnerPortion
FNDA:3,EvenFeeHandler.updateFeedOwnerPortion
FNDA:5,EvenFeeHandler.handleFees
FNDA:4,EvenFeeHandler._safeTransferETH
FNDA:4,EvenFeeHandler.claimFees
FNF:4
FNH:4
DA:48,5
DA:50,5
DA:51,1
DA:54,4
DA:55,1
DA:59,3
DA:61,3
DA:62,3
DA:64,3
DA:66,3
DA:67,8
DA:70,8
DA:74,3
DA:81,4
DA:82,4
DA:84,4
DA:86,4
DA:100,4
DA:101,4
DA:102,0
DA:116,2
DA:117,1
DA:120,1
DA:122,1
LF:24
LH:23
end_of_record
