TN:
SF:src/AlloraConsumer.sol
FN:96,AlloraConsumer.verifyNetworkInferenceViewOnly
FN:115,AlloraConsumer.verifyNetworkInference
FN:149,AlloraConsumer._verifyNetworkInferenceData
FN:194,AlloraConsumer.getNetworkInferenceMessage
FN:208,AlloraConsumer.getTopicValue
FN:221,AlloraConsumer.turnOffConsumer
FN:230,AlloraConsumer.turnOnConsumer
FN:241,AlloraConsumer.updateFutureDataValiditySeconds
FN:258,AlloraConsumer.updatePastDataValiditySeconds
FN:275,AlloraConsumer.addDataProvider
FN:286,AlloraConsumer.removeDataProvider
FN:301,AlloraConsumer._isOwnerOrValidDataProvider
FN:315,AlloraConsumer._toUint192
FN:332,AlloraConsumer._toUint64
FNDA:12,AlloraConsumer._verifyNetworkInferenceData
FNDA:7,AlloraConsumer._toUint192
FNDA:2,AlloraConsumer.removeDataProvider
FNDA:4,AlloraConsumer.turnOffConsumer
FNDA:9,AlloraConsumer._isOwnerOrValidDataProvider
FNDA:1,AlloraConsumer.verifyNetworkInferenceViewOnly
FNDA:7,AlloraConsumer._toUint64
FNDA:11,AlloraConsumer.verifyNetworkInference
FNDA:14,AlloraConsumer.addDataProvider
FNDA:10,AlloraConsumer.getTopicValue
FNDA:2,AlloraConsumer.turnOnConsumer
FNDA:11,AlloraConsumer.getNetworkInferenceMessage
FNDA:4,AlloraConsumer.updatePastDataValiditySeconds
FNDA:4,AlloraConsumer.updateFutureDataValiditySeconds
FNF:14
FNH:14
DA:104,1
DA:123,11
DA:132,7
DA:141,7
DA:157,12
DA:158,1
DA:161,11
DA:164,11
DA:165,10
DA:167,2
DA:170,9
DA:179,9
DA:180,1
DA:183,8
DA:184,8
DA:185,8
DA:197,20
DA:212,10
DA:222,3
DA:224,3
DA:231,1
DA:233,1
DA:244,3
DA:245,0
DA:248,3
DA:250,3
DA:261,3
DA:262,0
DA:265,3
DA:267,3
DA:276,13
DA:278,13
DA:287,1
DA:289,1
DA:302,9
DA:316,7
DA:317,0
DA:319,7
DA:333,7
DA:334,0
DA:336,7
LF:41
LH:37
end_of_record
TN:
SF:src/aggregator/AverageAggregator.sol
FN:23,AverageAggregator.aggregate
FNDA:258,AverageAggregator.aggregate
FNF:1
FNH:1
DA:27,258
DA:28,258
DA:29,1
DA:32,257
DA:33,257
DA:34,771
DA:37,771
DA:41,257
LF:8
LH:8
end_of_record
TN:
SF:src/aggregator/MedianAggregator.sol
FN:24,MedianAggregator.aggregate
FNDA:10,MedianAggregator.aggregate
FNF:1
FNH:1
DA:28,10
DA:30,10
DA:31,1
DA:34,9
DA:35,9
DA:36,9
DA:38,21
DA:40,13
DA:41,13
DA:42,13
DA:43,45
DA:44,45
DA:45,45
DA:48,45
DA:52,13
DA:55,12
DA:56,12
DA:57,12
DA:58,12
DA:59,12
DA:60,52
DA:61,52
DA:62,40
DA:63,28
DA:66,52
DA:69,12
DA:70,12
DA:74,8
LF:28
LH:28
end_of_record
TN:
SF:src/feeHandler/EvenFeeHandler.sol
FN:43,EvenFeeHandler.handleFees
FN:80,EvenFeeHandler.claimFees
FN:99,EvenFeeHandler._safeTransferETH
FN:115,EvenFeeHandler.updateFeedOwnerPortion
FNDA:5,EvenFeeHandler.handleFees
FNDA:4,EvenFeeHandler.claimFees
FNDA:4,EvenFeeHandler._safeTransferETH
FNDA:3,EvenFeeHandler.updateFeedOwnerPortion
FNF:4
FNH:4
DA:48,5
DA:50,5
DA:51,1
DA:54,4
DA:55,1
DA:59,3
DA:61,3
DA:62,3
DA:64,3
DA:66,3
DA:67,8
DA:70,8
DA:74,3
DA:81,4
DA:82,4
DA:84,4
DA:86,4
DA:100,4
DA:101,4
DA:102,0
DA:116,2
DA:117,1
DA:120,1
DA:122,1
LF:24
LH:23
end_of_record
